Importing BGS data
creating the fuxes array
Scaling data 

# Tuning hyper-parameters for r2

Fitting 3 folds for each of 21 candidates, totalling 63 fits
[Parallel(n_jobs=-1)]: Done   9 tasks      | elapsed: 270.2min
[CV] C=1, gamma=0.001, kernel=rbf ....................................
[CV] .................... C=1, gamma=0.001, kernel=rbf, total=266.9min
[CV] C=100, gamma=0.001, kernel=rbf ..................................
[CV] .................. C=100, gamma=0.001, kernel=rbf, total=273.6min
[CV] C=100, gamma=0.1, kernel=rbf ....................................
[CV] .................... C=100, gamma=0.1, kernel=rbf, total=806.4min
[CV] C=10, gamma=0.001, kernel=rbf ...................................
[CV] .................... C=10, gamma=0.001, kernel=rbf, total= 8.6min
[CV] C=10, gamma=0.0001, kernel=rbf ..................................
[CV] .................. C=10, gamma=0.0001, kernel=rbf, total=782.0min
[CV] C=10, kernel=linear .............................................
[CV] ............................. C=10, kernel=linear, total=207.5min
[CV] C=10, degree=2, kernel=poly .....................................
[CV] ..................... C=10, degree=2, kernel=poly, total=125.6min
[CV] C=100, degree=2, kernel=poly ....................................
[CV] .................... C=100, degree=2, kernel=poly, total=578.5min
[CV] C=1, gamma=10, kernel=rbf .......................................
[CV] ........................ C=1, gamma=10, kernel=rbf, total=85.1min
[CV] C=10, gamma=0.1, kernel=rbf .....................................
[CV] ..................... C=10, gamma=0.1, kernel=rbf, total=835.5min
[CV] C=1, degree=3, kernel=poly ......................................
[CV] ...................... C=1, degree=3, kernel=poly, total=238.9min
[CV] C=100, degree=2, kernel=poly ....................................
[CV] .................... C=100, degree=2, kernel=poly, total=629.0min
[CV] C=10, gamma=0.0001, kernel=rbf ..................................
[CV] .................. C=10, gamma=0.0001, kernel=rbf, total=419.9min
[CV] C=100, gamma=0.0001, kernel=rbf .................................
[CV] ................. C=100, gamma=0.0001, kernel=rbf, total=276.9min
[CV] C=1, kernel=linear ..............................................
[CV] ............................... C=1, kernel=linear, total=19.2min
[CV] C=1, kernel=linear ..............................................
[CV] ............................... C=1, kernel=linear, total=21.0min
[CV] C=10, kernel=linear .............................................
[CV] ............................. C=10, kernel=linear, total=165.6min
[CV] C=1, degree=3, kernel=poly ......................................
[CV] ...................... C=1, degree=3, kernel=poly, total=273.6min
[CV] C=100, degree=2, kernel=poly ....................................
[CV] .................... C=100, degree=2, kernel=poly, total=801.4min
[CV] C=1, gamma=0.001, kernel=rbf ....................................
[CV] .................... C=1, gamma=0.001, kernel=rbf, total=274.7min
[CV] C=100, gamma=0.001, kernel=rbf ..................................
[CV] .................. C=100, gamma=0.001, kernel=rbf, total=530.5min
[CV] C=100, kernel=linear ............................................
[CV] ........................... C=100, kernel=linear, total=1472.3min
[CV] C=1, gamma=0.1, kernel=rbf ......................................
[CV] ...................... C=1, gamma=0.1, kernel=rbf, total=261.9min
[CV] C=10, gamma=10, kernel=rbf ......................................
[CV] ...................... C=10, gamma=10, kernel=rbf, total=533.1min
[CV] C=100, kernel=linear ............................................
[CV] ........................... C=100, kernel=linear, total=1520.3min
[CV] C=1, gamma=0.1, kernel=rbf ......................................
[CV] ....................... C=1, gamma=0.1, kernel=rbf, total=10.7min
[CV] C=10, gamma=0.1, kernel=rbf .....................................
[CV] ..................... C=10, gamma=0.1, kernel=rbf, total=833.0min
[CV] C=100, kernel=linear ............................................
[CV] ........................... C=100, kernel=linear, total=1589.5min
[CV] C=1, gamma=0.0001, kernel=rbf ...................................
[CV] ................... C=1, gamma=0.0001, kernel=rbf, total=420.9min
[CV] C=100, gamma=0.0001, kernel=rbf .................................
[CV] ................. C=100, gamma=0.0001, kernel=rbf, total=541.5min
[CV] C=10, degree=2, kernel=poly .....................................
[CV] ..................... C=10, degree=2, kernel=poly, total=103.4min
[CV] C=10, degree=3, kernel=poly .....................................
[CV] .................... C=10, degree=3, kernel=poly, total=1789.8min
[CV] C=1, gamma=0.0001, kernel=rbf ...................................
[CV] ................... C=1, gamma=0.0001, kernel=rbf, total=420.5min
[CV] C=100, gamma=0.0001, kernel=rbf .................................
[CV] ................. C=100, gamma=0.0001, kernel=rbf, total=276.4min
[CV] C=1, kernel=linear ..............................................
[CV] ............................... C=1, kernel=linear, total=20.8min
[CV] C=10, kernel=linear .............................................
[CV] ............................. C=10, kernel=linear, total=177.9min
[CV] C=1, degree=2, kernel=poly ......................................
[CV] ...................... C=1, degree=2, kernel=poly, total=118.6min
[CV] C=10, degree=3, kernel=poly .....................................
[CV] .................... C=10, degree=3, kernel=poly, total=2163.1min
[CV] C=1, gamma=0.0001, kernel=rbf ...................................
[CV] ................... C=1, gamma=0.0001, kernel=rbf, total=152.4min
[CV] C=10, gamma=10, kernel=rbf ......................................
[CV] ...................... C=10, gamma=10, kernel=rbf, total=807.4min
[CV] C=10, degree=2, kernel=poly .....................................
[CV] ...................... C=10, degree=2, kernel=poly, total=94.6min
[CV] C=10, degree=3, kernel=poly .....................................
[CV] .................... C=10, degree=3, kernel=poly, total=2123.7min
[CV] C=1, gamma=0.001, kernel=rbf ....................................
[CV] ..................... C=1, gamma=0.001, kernel=rbf, total= 8.0min
[CV] C=10, gamma=0.0001, kernel=rbf ..................................
[CV] .................. C=10, gamma=0.0001, kernel=rbf, total=533.3min
[CV] C=100, gamma=10, kernel=rbf .....................................
[CV] .................... C=100, gamma=10, kernel=rbf, total=3680.1min
[CV] C=10, gamma=0.001, kernel=rbf ...................................
[CV] ................... C=10, gamma=0.001, kernel=rbf, total=276.9min
[CV] C=100, gamma=0.001, kernel=rbf ..................................
[CV] .................. C=100, gamma=0.001, kernel=rbf, total=270.2min
[CV] C=100, gamma=10, kernel=rbf .....................................
[CV] .................... C=100, gamma=10, kernel=rbf, total=3976.9min
[CV] C=1, gamma=10, kernel=rbf .......................................
[CV] ........................ C=1, gamma=10, kernel=rbf, total=85.1min
[CV] C=10, gamma=0.1, kernel=rbf .....................................
[CV] ..................... C=10, gamma=0.1, kernel=rbf, total=570.6min
[CV] C=100, gamma=10, kernel=rbf .....................................
[CV] .................... C=100, gamma=10, kernel=rbf, total=3972.3min
